  LoadShaders.cpp
  HW1_S20121625.cpp
c:\users\이정명\desktop\7학기\graphics\hw1_s121625\hw1_s20121625\hw1_s20121625.cpp(661): warning C4244: '=': 'double'에서 'GLfloat'(으)로 변환하면서 데이터가 손실될 수 있습니다.
c:\users\이정명\desktop\7학기\graphics\hw1_s121625\hw1_s20121625\hw1_s20121625.cpp(662): warning C4244: '=': 'double'에서 'GLfloat'(으)로 변환하면서 데이터가 손실될 수 있습니다.
c:\users\이정명\desktop\7학기\graphics\hw1_s121625\hw1_s20121625\hw1_s20121625.cpp(710): warning C4838: 'double'에서 'GLfloat'(으)로의 변환에는 축소 변환이 필요합니다.
c:\users\이정명\desktop\7학기\graphics\hw1_s121625\hw1_s20121625\hw1_s20121625.cpp(710): warning C4305: '초기화 중': 'double'에서 'GLfloat'(으)로 잘립니다.
c:\users\이정명\desktop\7학기\graphics\hw1_s121625\hw1_s20121625\hw1_s20121625.cpp(711): warning C4838: 'double'에서 'GLfloat'(으)로의 변환에는 축소 변환이 필요합니다.
c:\users\이정명\desktop\7학기\graphics\hw1_s121625\hw1_s20121625\hw1_s20121625.cpp(711): warning C4305: '초기화 중': 'double'에서 'GLfloat'(으)로 잘립니다.
c:\users\이정명\desktop\7학기\graphics\hw1_s121625\hw1_s20121625\hw1_s20121625.cpp(712): warning C4838: 'double'에서 'GLfloat'(으)로의 변환에는 축소 변환이 필요합니다.
c:\users\이정명\desktop\7학기\graphics\hw1_s121625\hw1_s20121625\hw1_s20121625.cpp(712): warning C4305: '초기화 중': 'double'에서 'GLfloat'(으)로 잘립니다.
c:\users\이정명\desktop\7학기\graphics\hw1_s121625\hw1_s20121625\hw1_s20121625.cpp(713): warning C4838: 'double'에서 'GLfloat'(으)로의 변환에는 축소 변환이 필요합니다.
c:\users\이정명\desktop\7학기\graphics\hw1_s121625\hw1_s20121625\hw1_s20121625.cpp(713): warning C4305: '초기화 중': 'double'에서 'GLfloat'(으)로 잘립니다.
c:\users\이정명\desktop\7학기\graphics\hw1_s121625\hw1_s20121625\hw1_s20121625.cpp(714): warning C4838: 'double'에서 'GLfloat'(으)로의 변환에는 축소 변환이 필요합니다.
c:\users\이정명\desktop\7학기\graphics\hw1_s121625\hw1_s20121625\hw1_s20121625.cpp(714): warning C4305: '초기화 중': 'double'에서 'GLfloat'(으)로 잘립니다.
c:\users\이정명\desktop\7학기\graphics\hw1_s121625\hw1_s20121625\hw1_s20121625.cpp(737): warning C4244: '=': 'double'에서 'GLfloat'(으)로 변환하면서 데이터가 손실될 수 있습니다.
c:\users\이정명\desktop\7학기\graphics\hw1_s121625\hw1_s20121625\hw1_s20121625.cpp(738): warning C4244: '=': 'double'에서 'GLfloat'(으)로 변환하면서 데이터가 손실될 수 있습니다.
c:\users\이정명\desktop\7학기\graphics\hw1_s121625\hw1_s20121625\hw1_s20121625.cpp(743): warning C4244: '=': 'double'에서 'GLfloat'(으)로 변환하면서 데이터가 손실될 수 있습니다.
c:\users\이정명\desktop\7학기\graphics\hw1_s121625\hw1_s20121625\hw1_s20121625.cpp(744): warning C4244: '=': 'double'에서 'GLfloat'(으)로 변환하면서 데이터가 손실될 수 있습니다.
c:\users\이정명\desktop\7학기\graphics\hw1_s121625\hw1_s20121625\hw1_s20121625.cpp(745): warning C4244: '=': 'double'에서 'GLfloat'(으)로 변환하면서 데이터가 손실될 수 있습니다.
c:\users\이정명\desktop\7학기\graphics\hw1_s121625\hw1_s20121625\hw1_s20121625.cpp(746): warning C4244: '=': 'double'에서 'GLfloat'(으)로 변환하면서 데이터가 손실될 수 있습니다.
c:\users\이정명\desktop\7학기\graphics\hw1_s121625\hw1_s20121625\hw1_s20121625.cpp(751): warning C4244: '=': 'double'에서 'GLfloat'(으)로 변환하면서 데이터가 손실될 수 있습니다.
c:\users\이정명\desktop\7학기\graphics\hw1_s121625\hw1_s20121625\hw1_s20121625.cpp(752): warning C4244: '=': 'double'에서 'GLfloat'(으)로 변환하면서 데이터가 손실될 수 있습니다.
c:\users\이정명\desktop\7학기\graphics\hw1_s121625\hw1_s20121625\hw1_s20121625.cpp(753): warning C4244: '=': 'double'에서 'GLfloat'(으)로 변환하면서 데이터가 손실될 수 있습니다.
c:\users\이정명\desktop\7학기\graphics\hw1_s121625\hw1_s20121625\hw1_s20121625.cpp(754): warning C4244: '=': 'double'에서 'GLfloat'(으)로 변환하면서 데이터가 손실될 수 있습니다.
c:\users\이정명\desktop\7학기\graphics\hw1_s121625\hw1_s20121625\hw1_s20121625.cpp(923): warning C4244: '=': 'double'에서 'float'(으)로 변환하면서 데이터가 손실될 수 있습니다.
c:\users\이정명\desktop\7학기\graphics\hw1_s121625\hw1_s20121625\hw1_s20121625.cpp(937): warning C4244: '=': 'double'에서 'float'(으)로 변환하면서 데이터가 손실될 수 있습니다.
c:\users\이정명\desktop\7학기\graphics\hw1_s121625\hw1_s20121625\hw1_s20121625.cpp(963): warning C4305: '=': 'double'에서 'float'(으)로 잘립니다.
c:\users\이정명\desktop\7학기\graphics\hw1_s121625\hw1_s20121625\hw1_s20121625.cpp(964): warning C4305: '=': 'double'에서 'float'(으)로 잘립니다.
c:\users\이정명\desktop\7학기\graphics\hw1_s121625\hw1_s20121625\hw1_s20121625.cpp(993): warning C4305: '=': 'double'에서 'float'(으)로 잘립니다.
c:\users\이정명\desktop\7학기\graphics\hw1_s121625\hw1_s20121625\hw1_s20121625.cpp(830): warning C4101: 'k' :참조되지 않은 지역 변수입니다.
c:\users\이정명\desktop\7학기\graphics\hw1_s121625\hw1_s20121625\hw1_s20121625.cpp(831): warning C4101: 'delx' :참조되지 않은 지역 변수입니다.
c:\users\이정명\desktop\7학기\graphics\hw1_s121625\hw1_s20121625\hw1_s20121625.cpp(990): warning C4101: 'tempx' :참조되지 않은 지역 변수입니다.
c:\users\이정명\desktop\7학기\graphics\hw1_s121625\hw1_s20121625\hw1_s20121625.cpp(831): warning C4101: 's' :참조되지 않은 지역 변수입니다.
c:\users\이정명\desktop\7학기\graphics\hw1_s121625\hw1_s20121625\hw1_s20121625.cpp(831): warning C4101: 'x' :참조되지 않은 지역 변수입니다.
c:\users\이정명\desktop\7학기\graphics\hw1_s121625\hw1_s20121625\hw1_s20121625.cpp(831): warning C4101: 'dels' :참조되지 않은 지역 변수입니다.
c:\users\이정명\desktop\7학기\graphics\hw1_s121625\hw1_s20121625\hw1_s20121625.cpp(831): warning C4101: 'r' :참조되지 않은 지역 변수입니다.
c:\users\이정명\desktop\7학기\graphics\hw1_s121625\hw1_s20121625\hw1_s20121625.cpp(831): warning C4101: 'delr' :참조되지 않은 지역 변수입니다.
c:\users\이정명\desktop\7학기\graphics\hw1_s121625\hw1_s20121625\hw1_s20121625.cpp(1111): warning C4101: 'sum' :참조되지 않은 지역 변수입니다.
c:\users\이정명\desktop\7학기\graphics\hw1_s121625\hw1_s20121625\hw1_s20121625.cpp(1289): warning C4244: '인수': 'time_t'에서 'unsigned int'(으)로 변환하면서 데이터가 손실될 수 있습니다.
  코드를 생성하고 있습니다...
  HW1_S20121625.vcxproj -> C:\Users\이정명\Desktop\7학기\graphics\HW1_S121625\Debug\HW1_S20121625.exe
